1	0.000315964	start	
2	1.60135	mouseDown	{button:1, clickCount:1, hotSpot:[393.070251, 882.70752]}
3	1.72519	mouseUp	{button:1, clickCount:1, hotSpot:[393.070251, 882.70752]}
4	3.93085	mouseDown	{button:1, clickCount:1, hotSpot:[213.467758, 42.32428]}
5	4.05515	mouseUp	{button:1, clickCount:1, hotSpot:[213.467758, 42.32428]}
6	5.00226	keyDown	{modifiers:256, string:@"w", theKey:@"w"}
7	5.10404	keyUp	{modifiers:256, string:@"w", theKey:@"w"}
8	5.23518	keyDown	{modifiers:256, string:@"w", theKey:@"w"}
9	5.32414	keyUp	{modifiers:256, string:@"w", theKey:@"w"}
10	5.42247	keyDown	{modifiers:256, string:@"w", theKey:@"w"}
11	5.55348	keyUp	{modifiers:256, string:@"w", theKey:@"w"}
12	5.74013	keyDown	{modifiers:256, string:@".", theKey:@"."}
13	5.85206	keyUp	{modifiers:256, string:@".", theKey:@"."}
14	6.00407	keyDown	{modifiers:256, string:@"a", theKey:@"a"}
15	6.12838	keyDown	{modifiers:256, string:@"u", theKey:@"u"}
16	6.14008	keyUp	{modifiers:256, string:@"a", theKey:@"a"}
17	6.22813	keyUp	{modifiers:256, string:@"u", theKey:@"u"}
18	6.25212	keyDown	{modifiers:256, string:@"t", theKey:@"t"}
19	6.37206	keyDown	{modifiers:256, string:@"o", theKey:@"o"}
20	6.42192	keyUp	{modifiers:256, string:@"t", theKey:@"t"}
21	6.53737	keyUp	{modifiers:256, string:@"o", theKey:@"o"}
22	7.6601	keyDown	{modifiers:256, string:@"s", theKey:@"s"}
23	7.81323	keyUp	{modifiers:256, string:@"s", theKey:@"s"}
24	8.50167	keyDown	{modifiers:256, string:@"o", theKey:@"o"}
25	8.60408	keyUp	{modifiers:256, string:@"o", theKey:@"o"}
26	8.74008	keyDown	{modifiers:256, string:@"l", theKey:@"l"}
27	8.85199	keyUp	{modifiers:256, string:@"l", theKey:@"l"}
28	9.00091	keyDown	{modifiers:256, string:@"n", theKey:@"n"}
29	9.12104	keyUp	{modifiers:256, string:@"n", theKey:@"n"}
30	9.35597	keyDown	{modifiers:256, string:@".", theKey:@"."}
31	9.46713	keyUp	{modifiers:256, string:@".", theKey:@"."}
32	9.65201	keyDown	{modifiers:256, string:@"c", theKey:@"c"}
33	9.77206	keyDown	{modifiers:256, string:@"o", theKey:@"o"}
34	9.82117	keyUp	{modifiers:256, string:@"c", theKey:@"c"}
35	9.85204	keyDown	{modifiers:256, string:@"m", theKey:@"m"}
36	9.92248	keyUp	{modifiers:256, string:@"o", theKey:@"o"}
37	9.96384	keyUp	{modifiers:256, string:@"m", theKey:@"m"}
38	10.4034	keyDown	{modifiers:256, string:@"\r", theKey:@"\r"}
39	10.5009	keyUp	{modifiers:256, string:@"\r", theKey:@"\r"}
40	15.7241	mouseDown	{button:1, clickCount:1, hotSpot:[777.478333, 137.201904]}
41	15.8732	mouseUp	{button:1, clickCount:1, hotSpot:[777.478333, 137.201904]}
42	20.0261	mouseDown	{button:1, clickCount:1, hotSpot:[1222.187256, 138.54541]}
43	20.2065	mouseUp	{button:1, clickCount:1, hotSpot:[1222.187256, 138.54541]}
44	24.0027	mouseDown	{button:1, clickCount:1, hotSpot:[1407.923706, 13.133362]}
45	24.1336	mouseUp	{button:1, clickCount:1, hotSpot:[1407.923706, 13.133362]}
46	25.6493	end	
