1	0.000333011	start	
2	1.63498	mouseDown	{button:1, clickCount:1, hotSpot:[389.027374, 879.674622]}
3	1.75706	mouseUp	{button:1, clickCount:1, hotSpot:[389.027374, 879.674622]}
4	4.7429	mouseDown	{button:1, clickCount:1, hotSpot:[249.368378, 44.693542]}
5	4.86664	mouseUp	{button:1, clickCount:1, hotSpot:[249.368378, 44.693542]}
6	5.80337	keyDown	{modifiers:256, string:@"w", theKey:@"w"}
7	5.90452	keyUp	{modifiers:256, string:@"w", theKey:@"w"}
8	6.04131	keyDown	{modifiers:256, string:@"w", theKey:@"w"}
9	6.05647	keyUp	{modifiers:256, string:@"w", theKey:@"w"}
10	6.12845	keyDown	{modifiers:256, string:@"w", theKey:@"w"}
11	6.23246	keyUp	{modifiers:256, string:@"w", theKey:@"w"}
12	6.40826	keyDown	{modifiers:256, string:@".", theKey:@"."}
13	6.52109	keyUp	{modifiers:256, string:@".", theKey:@"."}
14	6.56032	keyDown	{modifiers:256, string:@"a", theKey:@"a"}
15	6.72198	keyUp	{modifiers:256, string:@"a", theKey:@"a"}
16	7.02875	keyDown	{modifiers:256, string:@"m", theKey:@"m"}
17	7.15231	keyDown	{modifiers:256, string:@"a", theKey:@"a"}
18	7.16009	keyUp	{modifiers:256, string:@"m", theKey:@"m"}
19	7.24821	keyUp	{modifiers:256, string:@"a", theKey:@"a"}
20	7.34446	keyDown	{modifiers:256, string:@"z", theKey:@"z"}
21	7.46572	keyDown	{modifiers:256, string:@"o", theKey:@"o"}
22	7.52163	keyUp	{modifiers:256, string:@"z", theKey:@"z"}
23	7.52284	keyDown	{modifiers:256, string:@"n", theKey:@"n"}
24	7.60242	keyUp	{modifiers:256, string:@"o", theKey:@"o"}
25	7.61625	keyUp	{modifiers:256, string:@"n", theKey:@"n"}
26	8.22919	keyDown	{modifiers:256, string:@".", theKey:@"."}
27	8.32826	keyUp	{modifiers:256, string:@".", theKey:@"."}
28	8.36028	keyDown	{modifiers:256, string:@"c", theKey:@"c"}
29	8.50141	keyDown	{modifiers:256, string:@"o", theKey:@"o"}
30	8.51211	keyUp	{modifiers:256, string:@"c", theKey:@"c"}
31	8.60137	keyDown	{modifiers:256, string:@"m", theKey:@"m"}
32	8.6323	keyUp	{modifiers:256, string:@"o", theKey:@"o"}
33	8.71221	keyUp	{modifiers:256, string:@"m", theKey:@"m"}
34	8.90696	keyDown	{modifiers:256, string:@"\r", theKey:@"\r"}
35	9.00161	keyUp	{modifiers:256, string:@"\r", theKey:@"\r"}
36	12.7356	mouseDown	{button:1, clickCount:1, hotSpot:[349.254852, 190.845398]}
37	12.9383	mouseUp	{button:1, clickCount:1, hotSpot:[349.254852, 190.845398]}
38	15.9506	mouseDown	{button:1, clickCount:1, hotSpot:[1410.253174, 11.669189]}
39	16.1045	mouseUp	{button:1, clickCount:1, hotSpot:[1410.253174, 11.669189]}
40	17.9916	end	
